{"ts":"2026-01-11T01:18:13.697Z","ip":"unknown","action":"login_failed","username":"admin","reason":"bad_password"}
{"ts":"2026-01-11T01:18:25.678Z","ip":"unknown","action":"login_failed","username":"admin","reason":"bad_password"}
{"ts":"2026-01-11T01:18:45.318Z","ip":"unknown","action":"login_failed","username":"admin","reason":"bad_password"}
{"ts":"2026-01-11T01:45:55.839Z","ip":"unknown","action":"login_failed","username":"admin","reason":"bad_password"}
{"ts":"2026-01-11T01:46:08.301Z","ip":"unknown","action":"login_failed","username":"admin","reason":"bad_password"}
{"ts":"2026-01-11T01:46:11.338Z","ip":"unknown","action":"login_failed","username":"admin","reason":"bad_password"}
{"ts":"2026-01-11T01:50:34.823Z","ip":"unknown","action":"login_failed","username":"admin","reason":"bad_password"}
{"ts":"2026-01-11T01:50:39.062Z","ip":"unknown","action":"login_failed","username":"admin","reason":"bad_password"}
{"ts":"2026-01-11T01:54:09.543Z","ip":"unknown","action":"login_failed","username":"admin","reason":"bad_password"}
{"ts":"2026-01-11T01:54:10.906Z","ip":"unknown","action":"login_failed","username":"admin","reason":"bad_password"}
{"ts":"2026-01-11T01:54:13.253Z","ip":"unknown","action":"login_failed","username":"admin","reason":"bad_password"}
{"ts":"2026-01-11T01:54:35.341Z","ip":"unknown","action":"login_failed","username":"admin","reason":"bad_password"}
{"ts":"2026-01-11T01:54:42.738Z","ip":"unknown","action":"login_failed","username":"admin","reason":"bad_password"}
{"ts":"2026-01-11T01:54:42.926Z","ip":"unknown","action":"login_failed","username":"admin","reason":"bad_password"}
{"ts":"2026-01-11T01:54:43.112Z","ip":"unknown","action":"login_failed","username":"admin","reason":"bad_password"}
{"ts":"2026-01-11T01:54:43.303Z","ip":"unknown","action":"login_failed","username":"admin","reason":"bad_password"}
{"ts":"2026-01-11T01:54:43.490Z","ip":"unknown","action":"login_failed","username":"admin","reason":"bad_password"}
{"ts":"2026-01-11T01:54:43.703Z","ip":"unknown","action":"login_failed","username":"admin","reason":"bad_password"}
{"ts":"2026-01-11T01:54:52.211Z","ip":"unknown","action":"login_failed","username":"admin","reason":"bad_password"}
{"ts":"2026-01-11T01:55:31.875Z","ip":"unknown","action":"login_failed","username":"admin","reason":"bad_password"}
{"ts":"2026-01-11T01:59:36.013Z","ip":"unknown","action":"login_failed","username":"admin","reason":"bad_password"}
{"ts":"2026-01-11T02:01:43.044Z","ip":"unknown","action":"login_failed","username":"admin","reason":"bad_password"}
{"ts":"2026-01-11T02:03:57.115Z","ip":"unknown","action":"login_failed","username":"admin","reason":"bad_password"}
{"ts":"2026-01-11T02:04:15.406Z","ip":"unknown","action":"login_failed","username":"admin","reason":"bad_password"}
{"ts":"2026-01-11T06:40:14.717Z","ip":"unknown","action":"login_success","username":"admin","role":"admin"}
{"ts":"2026-01-11T06:40:14.784Z","ip":"unknown","action":"list","path":"/","username":"admin"}
{"ts":"2026-01-11T06:40:45.369Z","ip":"unknown","action":"list","path":"/dist","username":"admin"}
{"ts":"2026-01-11T06:41:03.713Z","ip":"unknown","action":"list","path":"/","username":"admin"}
{"ts":"2026-01-11T06:41:08.939Z","ip":"unknown","action":"list","path":"/","username":"admin"}
{"ts":"2026-01-11T06:41:09.594Z","ip":"unknown","action":"list","path":"/","username":"admin"}
{"ts":"2026-01-11T06:41:11.170Z","ip":"unknown","action":"list","path":"/dist","username":"admin"}
{"ts":"2026-01-11T06:41:12.408Z","ip":"unknown","action":"list","path":"/","username":"admin"}
{"ts":"2026-01-11T07:05:30.222Z","ip":"unknown","action":"list","path":"/","username":"admin"}
{"ts":"2026-01-11T07:48:18.712Z","ip":"unknown","action":"list","path":"/","username":"admin"}
{"ts":"2026-01-11T07:48:19.008Z","ip":"unknown","action":"list","path":"/","username":"admin"}
{"ts":"2026-01-11T07:48:23.721Z","ip":"unknown","action":"list","path":"/","username":"admin"}
{"ts":"2026-01-11T07:48:30.345Z","ip":"unknown","action":"list","path":"/","username":"admin"}
{"ts":"2026-01-11T07:48:34.916Z","ip":"unknown","action":"list","path":"/","username":"admin"}
{"ts":"2026-01-11T07:49:01.208Z","ip":"unknown","action":"list","path":"/","username":"admin"}
{"ts":"2026-01-11T07:51:50.311Z","ip":"unknown","action":"list","path":"/","username":"admin"}
{"ts":"2026-01-11T07:51:50.339Z","ip":"unknown","action":"list","path":"/","username":"admin"}
{"ts":"2026-01-11T07:51:53.585Z","ip":"unknown","action":"list","path":"/.aperture2Lightroom","username":"admin"}
{"ts":"2026-01-11T07:53:29.632Z","ip":"unknown","action":"login_failed","username":"admin","reason":"bad_password"}
{"ts":"2026-01-11T07:53:53.208Z","ip":"unknown","action":"login_failed","username":"admin","reason":"bad_password"}
{"ts":"2026-01-11T07:59:44.127Z","ip":"unknown","action":"list","path":"/","username":"admin"}
{"ts":"2026-01-11T08:00:44.212Z","ip":"unknown","action":"list","path":"/","username":"admin"}
{"ts":"2026-01-11T08:20:39.342Z","ip":"unknown","action":"list","path":"/","username":"admin"}
{"ts":"2026-01-11T08:20:46.885Z","ip":"unknown","action":"list","path":"/","username":"admin"}
{"ts":"2026-01-11T08:20:48.912Z","ip":"unknown","action":"list","path":"/","username":"admin"}
{"ts":"2026-01-11T08:41:58.897Z","ip":"unknown","action":"list","path":"/backupjetvm","username":"admin"}
{"ts":"2026-01-11T08:42:06.042Z","ip":"unknown","action":"list","path":"/backupjetvm/Install Cursor.app","username":"admin"}
{"ts":"2026-01-11T08:42:08.747Z","ip":"unknown","action":"list","path":"/","username":"admin"}
{"ts":"2026-01-11T08:42:38.241Z","ip":"unknown","action":"list","path":"/Gopro","username":"admin"}
{"ts":"2026-01-11T08:42:41.429Z","ip":"unknown","action":"list","path":"/Gopro/Audax","username":"admin"}
{"ts":"2026-01-11T08:42:45.633Z","ip":"unknown","action":"list","path":"/","username":"admin"}
{"ts":"2026-01-11T08:43:14.166Z","ip":"unknown","action":"preview","path":"/Acronis Customer Requirement (gilang@Jetorbit.com).xlsx","username":"admin"}
{"ts":"2026-01-11T08:43:19.414Z","ip":"unknown","action":"preview","path":"/sysops.jpg","username":"admin"}
{"ts":"2026-01-11T08:43:23.355Z","ip":"unknown","action":"list","path":"/","username":"admin"}
{"ts":"2026-01-11T08:43:26.882Z","ip":"unknown","action":"preview","path":"/sysops.jpg","username":"admin"}
{"ts":"2026-01-11T08:43:34.129Z","ip":"unknown","action":"preview","path":"/sysops.jpg","username":"admin"}
{"ts":"2026-01-11T08:43:35.615Z","ip":"unknown","action":"preview","path":"/sysops.jpg","username":"admin"}
{"ts":"2026-01-11T08:43:37.285Z","ip":"unknown","action":"list","path":"/","username":"admin"}
{"ts":"2026-01-11T08:43:40.668Z","ip":"unknown","action":"preview","path":"/sysops.jpg","username":"admin"}
{"ts":"2026-01-11T08:45:21.861Z","ip":"unknown","action":"list","path":"/","username":"admin"}
{"ts":"2026-01-11T08:45:26.510Z","ip":"unknown","action":"preview","path":"/sysops.jpg","username":"admin"}
{"ts":"2026-01-11T08:47:30.179Z","ip":"unknown","action":"list","path":"/","username":"admin"}
{"ts":"2026-01-11T08:47:51.180Z","ip":"unknown","action":"list","path":"/","username":"admin"}
{"ts":"2026-01-11T08:51:18.225Z","ip":"unknown","action":"list","path":"/","username":"admin"}
{"ts":"2026-01-11T08:53:49.191Z","ip":"unknown","action":"list","path":"/","username":"admin"}
{"ts":"2026-01-11T08:58:31.373Z","ip":"unknown","action":"list","path":"/","username":"admin"}
{"ts":"2026-01-11T09:01:52.202Z","ip":"unknown","action":"list","path":"/","username":"admin"}
{"ts":"2026-01-11T09:04:14.973Z","ip":"unknown","action":"list","path":"/","username":"admin"}
{"ts":"2026-01-11T09:08:44.169Z","ip":"unknown","action":"list","path":"/","username":"admin"}
{"ts":"2026-01-11T11:00:41.112Z","ip":"unknown","action":"list","path":"/","username":"admin"}
{"ts":"2026-01-11T11:29:19.260Z","ip":"unknown","action":"list","path":"/","username":"admin"}
{"ts":"2026-01-11T11:30:00.175Z","ip":"unknown","action":"list","path":"/","username":"admin"}
{"ts":"2026-01-11T11:31:22.581Z","ip":"unknown","action":"list","path":"/","username":"admin"}
{"ts":"2026-01-11T11:38:18.532Z","ip":"unknown","action":"list","path":"/","username":"admin"}
{"ts":"2026-01-11T11:39:23.201Z","ip":"unknown","action":"list","path":"/","username":"admin"}
{"ts":"2026-01-11T11:52:35.832Z","ip":"unknown","action":"list","path":"/","username":"admin"}
{"ts":"2026-01-11T12:24:05.523Z","ip":"unknown","action":"list","path":"/","username":"admin"}
{"ts":"2026-01-11T12:24:20.425Z","ip":"unknown","action":"list","path":"/","username":"admin"}
{"ts":"2026-01-11T12:24:22.975Z","ip":"unknown","action":"image_preview","path":"/0a8f8aad-57e9-4928-aaf5-92e900f0d8c0.jpg","username":"admin"}
{"ts":"2026-01-11T12:24:37.920Z","ip":"unknown","action":"image_preview","path":"/proof.png","username":"admin"}
{"ts":"2026-01-11T12:24:58.570Z","ip":"unknown","action":"list","path":"/","username":"admin"}
{"ts":"2026-01-11T12:25:03.962Z","ip":"unknown","action":"preview","path":"/hehe.txt","username":"admin"}
{"ts":"2026-01-11T12:27:45.090Z","ip":"unknown","action":"list","path":"/","username":"admin"}
{"ts":"2026-01-11T12:28:28.079Z","ip":"unknown","action":"list","path":"/","username":"admin"}
{"ts":"2026-01-11T12:30:16.136Z","ip":"unknown","action":"list","path":"/","username":"admin"}
{"ts":"2026-01-11T12:30:20.696Z","ip":"unknown","action":"image_preview","path":"/cloud-vps-os.jpg","username":"admin"}
{"ts":"2026-01-11T12:30:33.267Z","ip":"unknown","action":"preview","path":"/hehe.txt","username":"admin"}
{"ts":"2026-01-11T12:30:41.570Z","ip":"unknown","action":"preview","path":"/index.html","username":"admin"}
{"ts":"2026-01-11T13:12:16.074Z","ip":"unknown","action":"list","path":"/","username":"admin"}
{"ts":"2026-01-11T13:13:30.057Z","ip":"unknown","action":"list","path":"/","username":"admin"}
{"ts":"2026-01-11T13:48:37.528Z","ip":"unknown","action":"list","path":"/","username":"admin"}
{"ts":"2026-01-11T13:56:18.166Z","ip":"unknown","action":"list","path":"/","username":"admin"}
{"ts":"2026-01-11T13:58:02.070Z","ip":"unknown","action":"list","path":"/","username":"admin"}
{"ts":"2026-01-11T13:59:16.784Z","ip":"unknown","action":"list","path":"/","username":"admin"}
{"ts":"2026-01-11T14:09:32.178Z","ip":"unknown","action":"list","path":"/","username":"admin"}
{"ts":"2026-01-11T14:51:50.625Z","ip":"unknown","action":"login_success","username":"admin","role":"admin"}
{"ts":"2026-01-11T14:51:50.657Z","ip":"unknown","action":"list","path":"/","username":"admin"}
{"ts":"2026-01-11T14:51:53.818Z","ip":"unknown","action":"list","path":"/","username":"admin"}
{"ts":"2026-01-11T14:53:54.461Z","ip":"unknown","action":"list","path":"/Adobe","username":"admin"}
{"ts":"2026-01-11T14:55:45.771Z","ip":"unknown","action":"list","path":"/","username":"admin"}
{"ts":"2026-01-11T15:27:43.204Z","ip":"unknown","action":"list","path":"/","username":"admin"}
{"ts":"2026-01-11T15:33:05.992Z","ip":"unknown","action":"list","path":"/leadscrapper","username":"admin"}
{"ts":"2026-01-11T16:06:43.446Z","ip":"unknown","action":"list","path":"/","username":"admin"}
{"ts":"2026-01-11T16:07:20.353Z","ip":"unknown","action":"list","path":"/Zoom","username":"admin"}
{"ts":"2026-01-11T16:07:22.901Z","ip":"unknown","action":"list","path":"/Zoom","username":"admin"}
{"ts":"2026-01-11T16:07:23.600Z","ip":"unknown","action":"list","path":"/","username":"admin"}
{"ts":"2026-01-11T16:07:51.728Z","ip":"unknown","action":"trash","path":"/hehe.txt","username":"admin"}
{"ts":"2026-01-11T16:07:51.785Z","ip":"unknown","action":"list","path":"/","username":"admin"}
{"ts":"2026-01-11T16:08:11.188Z","ip":"unknown","action":"trash_list","username":"admin"}
{"ts":"2026-01-11T16:08:18.736Z","ip":"unknown","action":"restore","path":"/hehe.txt","username":"admin"}
{"ts":"2026-01-11T16:08:18.792Z","ip":"unknown","action":"trash_list","username":"admin"}
{"ts":"2026-01-11T16:08:55.669Z","ip":"unknown","action":"list","path":"/","username":"admin"}
{"ts":"2026-01-11T16:09:08.566Z","ip":"unknown","action":"list","path":"/","username":"admin"}
{"ts":"2026-01-11T16:09:36.354Z","ip":"unknown","action":"list","path":"/","username":"admin"}
{"ts":"2026-01-11T16:09:39.667Z","ip":"unknown","action":"list","path":"/","username":"admin"}
{"ts":"2026-01-11T16:10:10.496Z","ip":"unknown","action":"list","path":"/","username":"admin"}
{"ts":"2026-01-11T16:11:00.305Z","ip":"unknown","action":"list","path":"/","username":"admin"}
{"ts":"2026-01-11T16:12:52.832Z","ip":"unknown","action":"list","path":"/","username":"admin"}
{"ts":"2026-01-11T16:14:42.494Z","ip":"unknown","action":"list","path":"/","username":"admin"}
{"ts":"2026-01-11T16:20:22.407Z","ip":"unknown","action":"list","path":"/","username":"admin"}
{"ts":"2026-01-11T16:21:27.581Z","ip":"unknown","action":"list","path":"/","username":"admin"}
{"ts":"2026-01-11T16:22:23.351Z","ip":"unknown","action":"list","path":"/","username":"admin"}
{"ts":"2026-01-11T16:23:57.398Z","ip":"unknown","action":"list","path":"/","username":"admin"}
{"ts":"2026-01-11T16:35:07.472Z","ip":"unknown","action":"list","path":"/","username":"admin"}
{"ts":"2026-01-11T16:38:09.002Z","ip":"unknown","action":"list","path":"/","username":"admin"}
{"ts":"2026-01-11T16:38:29.939Z","ip":"unknown","action":"list","path":"/","username":"admin"}
{"ts":"2026-01-11T16:38:34.148Z","ip":"unknown","action":"list","path":"/","username":"admin"}
{"ts":"2026-01-11T16:38:43.632Z","ip":"unknown","action":"list","path":"/","username":"admin"}
{"ts":"2026-01-11T16:38:56.114Z","ip":"unknown","action":"upload","path":"/","files":["agents.md"],"username":"admin"}
{"ts":"2026-01-11T16:38:56.136Z","ip":"unknown","action":"list","path":"/","username":"admin"}
